<?xml version="1.0" encoding="UTF-8"?>
<!-- Generated by org.testng.reporters.JUnitXMLReporter -->
<testsuite ignored="0" hostname="DESKTOP-JV1I1EE" failures="0" tests="8" name="starhealth001" time="113.43" errors="0" timestamp="2023-10-25T14:50:34 IST">
  <testcase classname="starhealthtest.StarHealth001" name="Validate_logo" time="0.066"/>
  <testcase classname="starhealthtest.StarHealth001" name="Header_plan" time="2.438"/>
  <testcase classname="starhealthtest.StarHealth001" name="inputdata" time="11.746"/>
  <testcase classname="starhealthtest.StarHealth001" name="validate_checkbox" time="71.56"/>
  <testcase classname="starhealthtest.StarHealth001" name="navigateback" time="3.068"/>
  <testcase classname="starhealthtest.StarHealth001" name="validatedatafromExcel" time="0.168"/>
  <testcase classname="starhealthtest.StarHealth001" name="validatetwitter" time="9.758"/>
  <testcase classname="starhealthtest.StarHealth001" name="closechild" time="0.182"/>
</testsuite> <!-- starhealth001 -->
