<?xml version="1.0" encoding="UTF-8"?>
<testng-results ignored="0" total="2" passed="2" failed="0" skipped="0">
  <reporter-output>
  </reporter-output>
  <suite started-at="2023-10-25T14:53:15 IST" name="Default suite" finished-at="2023-10-25T14:53:37 IST" duration-ms="22569">
    <groups>
    </groups>
    <test started-at="2023-10-25T14:53:15 IST" name="Default test" finished-at="2023-10-25T14:53:37 IST" duration-ms="22569">
      <class name="starhealthtest.StarHealth001">
        <test-method is-config="true" signature="IntialiseExtentReport()[pri:0, instance:starhealthtest.StarHealth001@1807e3f6]" started-at="2023-10-25T14:53:14 IST" name="IntialiseExtentReport" finished-at="2023-10-25T14:53:15 IST" duration-ms="416" status="PASS">
          <reporter-output>
          </reporter-output>
        </test-method> <!-- IntialiseExtentReport -->
        <test-method is-config="true" signature="openbrowser(org.testng.ITestContext)[pri:0, instance:starhealthtest.StarHealth001@1807e3f6]" started-at="2023-10-25T14:53:15 IST" name="openbrowser" finished-at="2023-10-25T14:53:15 IST" duration-ms="17" status="PASS">
          <params>
            <param index="0">
              <value>
                <![CDATA[org.testng.TestRunner@56f730b2]]>
              </value>
            </param>
          </params>
          <reporter-output>
          </reporter-output>
        </test-method> <!-- openbrowser -->
        <test-method is-config="true" signature="openBrowser()[pri:0, instance:starhealthtest.StarHealth001@1807e3f6]" started-at="2023-10-25T14:53:15 IST" name="openBrowser" finished-at="2023-10-25T14:53:28 IST" duration-ms="13208" status="PASS">
          <reporter-output>
          </reporter-output>
        </test-method> <!-- openBrowser -->
        <test-method signature="validatetwitter()[pri:55, instance:starhealthtest.StarHealth001@1807e3f6]" started-at="2023-10-25T14:53:28 IST" name="validatetwitter" finished-at="2023-10-25T14:53:37 IST" duration-ms="9001" status="PASS">
          <reporter-output>
          </reporter-output>
        </test-method> <!-- validatetwitter -->
        <test-method signature="closechild()[pri:56, instance:starhealthtest.StarHealth001@1807e3f6]" started-at="2023-10-25T14:53:37 IST" name="closechild" finished-at="2023-10-25T14:53:37 IST" duration-ms="139" status="PASS">
          <reporter-output>
          </reporter-output>
        </test-method> <!-- closechild -->
        <test-method is-config="true" signature="teardown()[pri:0, instance:starhealthtest.StarHealth001@1807e3f6]" started-at="2023-10-25T14:53:37 IST" name="teardown" finished-at="2023-10-25T14:53:37 IST" duration-ms="141" status="PASS">
          <reporter-output>
          </reporter-output>
        </test-method> <!-- teardown -->
        <test-method is-config="true" signature="GenerateReport()[pri:0, instance:starhealthtest.StarHealth001@1807e3f6]" started-at="2023-10-25T14:53:37 IST" name="GenerateReport" finished-at="2023-10-25T14:53:38 IST" duration-ms="902" status="PASS">
          <reporter-output>
          </reporter-output>
        </test-method> <!-- GenerateReport -->
      </class> <!-- starhealthtest.StarHealth001 -->
    </test> <!-- Default test -->
  </suite> <!-- Default suite -->
</testng-results>
